<?xml version="1.0" encoding="UTF-8"?>
<!-- Generated by org.testng.reporters.JUnitReportReporter -->
<testsuite hostname="TrangLe-PC" name="com.vsii.tsc.TSCSelenium03.tranglt.FlightFinderTest" tests="1" failures="0" timestamp="28 Feb 2016 15:23:48 GMT" time="16.729" errors="0">
  <testcase name="find" time="16.729" classname="com.vsii.tsc.TSCSelenium03.tranglt.FlightFinderTest"/>
</testsuite> <!-- com.vsii.tsc.TSCSelenium03.tranglt.FlightFinderTest -->
