<?xml version="1.0" encoding="UTF-8"?>
<!-- Generated by org.testng.reporters.JUnitReportReporter -->
<testsuite hostname="quyentx-w7" name="com.vsii.tsc.TSCSelenium03.tranglt.FlightFinderTest" tests="1" failures="0" timestamp="1 Mar 2016 09:34:26 GMT" time="6.626" errors="0">
  <testcase name="find" time="6.626" classname="com.vsii.tsc.TSCSelenium03.tranglt.FlightFinderTest"/>
</testsuite> <!-- com.vsii.tsc.TSCSelenium03.tranglt.FlightFinderTest -->
